[15:48:23] [User Authenticator #23/INFO]: UUID of player Dragonphoenix_DP is ac4c4f2c-a288-4fcd-ad46-3d931ddd02d0
[15:48:25] [Server thread/INFO]: Dragonphoenix_DP[/120.126.151.192:60842] logged in with entity id 135927 at (-116.88742066636955, 64.0, -285.9295745345504)
[15:48:27] [Server thread/INFO]: Dragonphoenix_DP joined the game
[15:48:29] [Server thread/WARN]: Can't keep up! Is the server overloaded? Running 5597ms or 111 ticks behind
[15:53:10] [Server thread/INFO]: Villager bfj['Villager'/53447, l='ServerLevel[world]', x=-82.70, y=66.00, z=-320.30] died, message: 'Villager was squished too much'
[15:54:00] [Server thread/INFO]: Dragonphoenix_DP lost connection: Disconnected
[15:54:00] [Server thread/INFO]: Dragonphoenix_DP left the game
[18:57:33] [User Authenticator #24/INFO]: UUID of player Dragonphoenix_DP is ac4c4f2c-a288-4fcd-ad46-3d931ddd02d0
[18:57:39] [Server thread/INFO]: Dragonphoenix_DP[/120.126.151.192:55442] logged in with entity id 136617 at (-104.91146433308126, 63.125, -313.05000001192093)
[18:57:43] [Server thread/INFO]: Dragonphoenix_DP joined the game
[18:57:55] [Server thread/WARN]: Can't keep up! Is the server overloaded? Running 20918ms or 418 ticks behind
[18:58:19] [Server thread/WARN]: Can't keep up! Is the server overloaded? Running 9920ms or 198 ticks behind
[19:04:15] [Server thread/INFO]: Dragonphoenix_DP lost connection: Disconnected
[19:04:15] [Server thread/INFO]: Dragonphoenix_DP left the game
[19:04:18] [User Authenticator #25/INFO]: UUID of player Dragonphoenix_DP is ac4c4f2c-a288-4fcd-ad46-3d931ddd02d0
[19:04:18] [Server thread/INFO]: Dragonphoenix_DP[/120.126.151.192:53435] logged in with entity id 137380 at (-105.32459973647994, 63.0, -318.9422759865169)
[19:04:18] [Server thread/INFO]: Dragonphoenix_DP joined the game
[19:23:55] [Server thread/INFO]: Villager bfj['Villager'/63244, l='ServerLevel[world]', x=-82.70, y=66.00, z=-320.70] died, message: 'Villager was squished too much'
[19:27:21] [Server thread/INFO]: Villager bfj['Librarian'/75, l='ServerLevel[world]', x=-96.57, y=61.00, z=-319.00] died, message: 'Librarian drowned'
[19:36:51] [Server thread/INFO]: Villager bfj['Villager'/59471, l='ServerLevel[world]', x=-96.55, y=61.00, z=-318.67] died, message: 'Villager drowned'
[19:41:16] [Server thread/INFO]: Villager bfj['Librarian'/78, l='ServerLevel[world]', x=-96.49, y=59.00, z=-320.51] died, message: 'Librarian drowned'
[19:45:30] [Server thread/INFO]: Dragonphoenix_DP lost connection: Disconnected
[19:45:30] [Server thread/INFO]: Dragonphoenix_DP left the game
[21:45:56] [User Authenticator #26/INFO]: UUID of player Dragonphoenix_DP is ac4c4f2c-a288-4fcd-ad46-3d931ddd02d0
[21:45:57] [Server thread/INFO]: Dragonphoenix_DP[/120.126.151.192:60719] logged in with entity id 141715 at (-91.94199999489335, 63.0, -320.56624142947356)
[21:45:57] [Server thread/INFO]: Dragonphoenix_DP joined the game
[21:46:06] [Server thread/INFO]: Villager bfj['Villager'/76, l='ServerLevel[world]', x=-96.55, y=60.00, z=-319.54] died, message: 'Villager drowned'
[21:47:20] [Server thread/INFO]: Villager bfj['Villager'/66297, l='ServerLevel[world]', x=-97.80, y=63.06, z=-320.50] died, message: 'Villager suffocated in a wall'
[21:51:52] [Server thread/INFO]: Villager bfj['Villager'/58106, l='ServerLevel[world]', x=-96.49, y=60.70, z=-319.68] died, message: 'Villager drowned'
[21:53:12] [Server thread/INFO]: Villager bfj['Villager'/136660, l='ServerLevel[world]', x=-32.51, y=82.17, z=-347.70] died, message: 'Villager was slain by Zombie'
[21:54:15] [Server thread/INFO]: Dragonphoenix_DP lost connection: Disconnected
[21:54:15] [Server thread/INFO]: Dragonphoenix_DP left the game
[21:58:04] [User Authenticator #27/INFO]: UUID of player Dragonphoenix_DP is ac4c4f2c-a288-4fcd-ad46-3d931ddd02d0
[21:58:04] [Server thread/INFO]: Dragonphoenix_DP[/120.126.151.192:55461] logged in with entity id 142647 at (-101.5749115083187, 63.0, -314.557818217531)
[21:58:04] [Server thread/INFO]: Dragonphoenix_DP joined the game
[22:19:33] [Server thread/INFO]: Villager bfj['Librarian'/105373, l='ServerLevel[world]', x=-96.58, y=61.00, z=-316.41] died, message: 'Librarian drowned'
[22:22:08] [Server thread/INFO]: Villager bfj['Villager'/65037, l='ServerLevel[world]', x=-96.55, y=60.00, z=-319.54] died, message: 'Villager drowned'
[22:39:29] [Server thread/WARN]: Can't keep up! Is the server overloaded? Running 2068ms or 41 ticks behind
[22:45:32] [Server thread/WARN]: Can't keep up! Is the server overloaded? Running 2109ms or 42 ticks behind
[22:45:51] [Server thread/WARN]: Can't keep up! Is the server overloaded? Running 4086ms or 81 ticks behind
[22:46:09] [Server thread/WARN]: Can't keep up! Is the server overloaded? Running 3131ms or 62 ticks behind
[22:46:29] [Server thread/WARN]: Can't keep up! Is the server overloaded? Running 5048ms or 100 ticks behind
[22:46:50] [Server thread/WARN]: Can't keep up! Is the server overloaded? Running 6237ms or 124 ticks behind
[22:47:07] [Server thread/WARN]: Can't keep up! Is the server overloaded? Running 2074ms or 41 ticks behind
[22:47:26] [Server thread/WARN]: Can't keep up! Is the server overloaded? Running 2011ms or 40 ticks behind
[22:47:47] [Server thread/WARN]: Can't keep up! Is the server overloaded? Running 6024ms or 120 ticks behind
[22:48:07] [Server thread/WARN]: Can't keep up! Is the server overloaded? Running 5063ms or 101 ticks behind
[22:48:25] [Server thread/WARN]: Can't keep up! Is the server overloaded? Running 3040ms or 60 ticks behind
[22:48:44] [Server thread/WARN]: Can't keep up! Is the server overloaded? Running 4354ms or 87 ticks behind
[22:49:02] [Server thread/WARN]: Can't keep up! Is the server overloaded? Running 3037ms or 60 ticks behind
[22:49:25] [Server thread/WARN]: Can't keep up! Is the server overloaded? Running 7245ms or 144 ticks behind
[22:49:44] [Server thread/WARN]: Can't keep up! Is the server overloaded? Running 5038ms or 100 ticks behind
[22:50:03] [Server thread/WARN]: Can't keep up! Is the server overloaded? Running 3570ms or 71 ticks behind
[22:50:22] [Server thread/WARN]: Can't keep up! Is the server overloaded? Running 4384ms or 87 ticks behind
[22:50:41] [Server thread/WARN]: Can't keep up! Is the server overloaded? Running 3357ms or 67 ticks behind
[22:51:01] [Server thread/WARN]: Can't keep up! Is the server overloaded? Running 5246ms or 104 ticks behind
[22:51:20] [Server thread/WARN]: Can't keep up! Is the server overloaded? Running 3724ms or 74 ticks behind
[22:51:39] [Server thread/WARN]: Can't keep up! Is the server overloaded? Running 4889ms or 97 ticks behind
[22:51:58] [Server thread/WARN]: Can't keep up! Is the server overloaded? Running 3175ms or 63 ticks behind
[22:52:17] [Server thread/WARN]: Can't keep up! Is the server overloaded? Running 2012ms or 40 ticks behind
[22:52:38] [Server thread/WARN]: Can't keep up! Is the server overloaded? Running 6516ms or 130 ticks behind
[22:52:59] [Server thread/WARN]: Can't keep up! Is the server overloaded? Running 6431ms or 128 ticks behind
[22:53:17] [Server thread/WARN]: Can't keep up! Is the server overloaded? Running 2858ms or 57 ticks behind
[22:53:35] [Server thread/WARN]: Can't keep up! Is the server overloaded? Running 3106ms or 62 ticks behind
[22:53:57] [Server thread/WARN]: Can't keep up! Is the server overloaded? Running 6952ms or 139 ticks behind
[22:54:16] [Server thread/WARN]: Can't keep up! Is the server overloaded? Running 3809ms or 76 ticks behind
[22:54:33] [Server thread/WARN]: Can't keep up! Is the server overloaded? Running 2081ms or 41 ticks behind
[22:54:54] [Server thread/WARN]: Can't keep up! Is the server overloaded? Running 5622ms or 112 ticks behind
[22:55:14] [Server thread/WARN]: Can't keep up! Is the server overloaded? Running 5449ms or 108 ticks behind
[22:55:36] [Server thread/WARN]: Can't keep up! Is the server overloaded? Running 6455ms or 129 ticks behind
[22:55:55] [Server thread/WARN]: Can't keep up! Is the server overloaded? Running 3952ms or 79 ticks behind
[22:56:14] [Server thread/WARN]: Can't keep up! Is the server overloaded? Running 4412ms or 88 ticks behind
[22:56:33] [Server thread/WARN]: Can't keep up! Is the server overloaded? Running 4433ms or 88 ticks behind
[22:56:54] [Server thread/WARN]: Can't keep up! Is the server overloaded? Running 5410ms or 108 ticks behind
[22:57:12] [Server thread/WARN]: Can't keep up! Is the server overloaded? Running 3658ms or 73 ticks behind
[22:57:31] [Server thread/WARN]: Can't keep up! Is the server overloaded? Running 3603ms or 72 ticks behind
[22:57:52] [Server thread/WARN]: Can't keep up! Is the server overloaded? Running 5739ms or 114 ticks behind
[22:58:13] [Server thread/WARN]: Can't keep up! Is the server overloaded? Running 5904ms or 118 ticks behind
[22:58:32] [Server thread/WARN]: Can't keep up! Is the server overloaded? Running 4139ms or 82 ticks behind
[22:58:49] [Server thread/WARN]: Can't keep up! Is the server overloaded? Running 2686ms or 53 ticks behind
[22:59:10] [Server thread/WARN]: Can't keep up! Is the server overloaded? Running 5900ms or 118 ticks behind
[22:59:33] [Server thread/WARN]: Can't keep up! Is the server overloaded? Running 7300ms or 146 ticks behind
[22:59:51] [Server thread/WARN]: Can't keep up! Is the server overloaded? Running 3051ms or 61 ticks behind
[22:59:58] [Server thread/INFO]: Villager bfj['Villager'/112607, l='ServerLevel[world]', x=-82.70, y=66.00, z=-320.30] died, message: 'Villager was squished too much'
[23:00:14] [Server thread/WARN]: Can't keep up! Is the server overloaded? Running 2020ms or 40 ticks behind
[23:00:36] [Server thread/WARN]: Can't keep up! Is the server overloaded? Running 6744ms or 134 ticks behind
[23:00:58] [Server thread/WARN]: Can't keep up! Is the server overloaded? Running 6931ms or 138 ticks behind
[23:01:20] [Server thread/WARN]: Can't keep up! Is the server overloaded? Running 6803ms or 136 ticks behind
[23:01:41] [Server thread/WARN]: Can't keep up! Is the server overloaded? Running 5946ms or 118 ticks behind
[23:02:00] [Server thread/WARN]: Can't keep up! Is the server overloaded? Running 3973ms or 79 ticks behind
[23:02:20] [Server thread/WARN]: Can't keep up! Is the server overloaded? Running 5511ms or 110 ticks behind
[23:02:40] [Server thread/WARN]: Can't keep up! Is the server overloaded? Running 4298ms or 85 ticks behind
[23:02:59] [Server thread/WARN]: Can't keep up! Is the server overloaded? Running 4690ms or 93 ticks behind
[23:03:19] [Server thread/WARN]: Can't keep up! Is the server overloaded? Running 4942ms or 98 ticks behind
[23:03:29] [Server thread/INFO]: Villager bfj['Villager'/106002, l='ServerLevel[world]', x=-82.70, y=66.00, z=-320.81] died, message: 'Villager was squished too much'
[23:03:40] [Server thread/WARN]: Can't keep up! Is the server overloaded? Running 5788ms or 115 ticks behind
[23:04:03] [Server thread/WARN]: Can't keep up! Is the server overloaded? Running 7900ms or 158 ticks behind
[23:04:24] [Server thread/WARN]: Can't keep up! Is the server overloaded? Running 6596ms or 131 ticks behind
[23:04:34] [Server thread/INFO]: Villager bfj['Villager'/126854, l='ServerLevel[world]', x=-82.11, y=66.00, z=-320.86] died, message: 'Villager was squished too much'
[23:06:55] [Server thread/INFO]: Villager bfj['Villager'/56606, l='ServerLevel[world]', x=-82.70, y=66.00, z=-320.74] died, message: 'Villager was squished too much'
[23:08:07] [Server thread/INFO]: Dragonphoenix_DP lost connection: Disconnected
[23:08:07] [Server thread/INFO]: Dragonphoenix_DP left the game
